<?xml version="1.0" encoding="UTF-8"?>
<!-- Generated by org.testng.reporters.JUnitReportReporter -->
<testsuite hostname="hacker" failures="0" tests="1" name="testcase.SamplePageTest" time="10.836" errors="0" timestamp="2024-10-23T17:04:21 IST" skipped="0">
  <testcase classname="testcase.SamplePageTest" name="samplePage" time="10.836"/>
</testsuite> <!-- testcase.SamplePageTest -->
