<?xml version="1.0" encoding="UTF-8"?>
<!-- Generated by org.testng.reporters.JUnitReportReporter -->
<testsuite hostname="Reddyprasad" failures="0" tests="1" name="testcase.SamplePageTest" time="13.131" errors="0" timestamp="2024-10-05T13:30:48 IST" skipped="0">
  <testcase classname="testcase.SamplePageTest" name="samplePage" time="13.131"/>
</testsuite> <!-- testcase.SamplePageTest -->
